   round no. 1
  preflop
player1: cash - 975, combined bets - 25, action - small blind, round bet - 25
player2: cash - 950, combined bets - 50, action - small blind, round bet - 25
player3: cash - 950, combined bets - 50, action - call, round bet - 0
player4: cash - 950, combined bets - 50, action - call, round bet - 0
pot size: 175
  flop
player1: cash - 950, combined bets - 50, action - call, round bet - 0
player2: cash - 950, combined bets - 50, action - fold, round bet - 0
player3: cash - 950, combined bets - 50, action - check, round bet - 0
player4: cash - 950, combined bets - 50, action - check, round bet - 0
pot size: 200
  turn
player1: cash - 950, combined bets - 50, action - fold, round bet - 0
player3: cash - 850, combined bets - 150, action - raise, round bet - 0
player4: cash - 950, combined bets - 50, action - fold, round bet - 0
pot size: 300
  river
player3: cash - 850, combined bets - 150, action - check, round bet - 0
pot size: 300
  finding_winner
player1: full house
player2: three
player3: three
player4: four
WINNERS
 -player4
   round no. 2
  preflop
player2: cash - 925, combined bets - 75, action - small blind, round bet - 25
player3: cash - 800, combined bets - 200, action - small blind, round bet - 25
player4: cash - 1250, combined bets - 50, action - fold, round bet - 0
player1: cash - 900, combined bets - 100, action - raise, round bet - 0
pot size: 125
  flop
player2: cash - 925, combined bets - 75, action - fold, round bet - 0
player3: cash - 800, combined bets - 200, action - fold, round bet - 0
player1: cash - 900, combined bets - 100, action - fold, round bet - 0
pot size: 125
  turn
pot size: 125
  river
pot size: 125
  finding_winner
player2: full house
player3: two pairs
player4: full house
player1: straight
WINNERS
 -player2
 -player4
   round no. 3
  preflop
player3: cash - 775, combined bets - 225, action - small blind, round bet - 25
player4: cash - 1262, combined bets - 100, action - small blind, round bet - 25
player1: cash - 900, combined bets - 100, action - fold, round bet - 0
player2: cash - 1012, combined bets - 50, action - call, round bet - 0
pot size: 50
  flop
player3: cash - 775, combined bets - 225, action - check, round bet - 0
player4: cash - 1262, combined bets - 100, action - fold, round bet - 0
player2: cash - 1012, combined bets - 50, action - check, round bet - 0
pot size: 50
  turn
player3: cash - 775, combined bets - 225, action - fold, round bet - 0
player2: cash - 1012, combined bets - 50, action - check, round bet - 0
pot size: 50
  river
player2: cash - 1012, combined bets - 50, action - call, round bet - 0
pot size: 50
  finding_winner
player3: straight flush
player4: two pairs
player1: full house
player2: full house
WINNERS
 -player3
